
(amule:3232): Gtk-WARNING **: 19:49:18.209: Unable to locate theme engine in module_path: "murrine",

(amule:3232): Gtk-WARNING **: 19:49:18.210: Unable to locate theme engine in module_path: "murrine",

(amule:3232): Gtk-WARNING **: 19:49:18.210: Unable to locate theme engine in module_path: "murrine",

(amule:3232): Gtk-WARNING **: 19:49:18.210: Unable to locate theme engine in module_path: "murrine",

(amule:3232): Gtk-WARNING **: 19:49:18.210: Unable to locate theme engine in module_path: "murrine",
 2019-01-08 19:49:18: Initialising aMule 2.3.2 compiled with wxGTK2 v3.0.4 and Boost 1.67
 2019-01-08 19:49:18: Checking if there is an instance already running...
 2019-01-08 19:49:18: No other instances are running.
 2019-01-08 19:49:18: 监听Socket: Ok.
 2019-01-08 19:49:18: 从 /home/woshiluo/.aMule/Temp 载入临时文件。
 2019-01-08 19:49:18: 载入 PartFile 1 之 1
 2019-01-08 19:49:18: 所有 PartFile 已经载入。
 2019-01-08 19:49:18: 将文件/home/woshiluo/.aMule/Temp/001.part.met加入共享
 2019-01-08 19:49:18: Asio thread 1 started
 2019-01-08 19:49:18: Asio thread 2 started
 2019-01-08 19:49:18: Asio thread 3 started
 2019-01-08 19:49:18: Asio thread 4 started
 2019-01-08 19:54:27: 现在，正在退出主程序...
 2019-01-08 19:54:27: aMule 正在退出：中止内核。
 2019-01-08 19:54:27: aMule 已经关闭。
